<?xml version="1.0" encoding="UTF-8"?>
<!-- Generated by org.testng.reporters.JUnitXMLReporter -->
<testsuite ignored="0" hostname="LAPTOP-T3ULBUPM" failures="1" tests="6" name="Test" time="233.18" errors="0" timestamp="2020-01-28T21:10:11 IST">
  <testcase classname="com.midhun.youtube.testrunner.Runner" name="scenario" time="86.312"/>
  <testcase classname="com.midhun.youtube.testrunner.Runner" name="scenario" time="46.626"/>
  <testcase classname="com.midhun.youtube.testrunner.Runner" name="scenario" time="0.178"/>
  <testcase classname="com.midhun.youtube.testrunner.Runner" name="scenario" time="0.068"/>
  <testcase classname="com.midhun.youtube.testrunner.Runner" name="scenario" time="48.962"/>
  <testcase classname="com.midhun.youtube.testrunner.Runner" name="scenario" time="47.034">
    <failure type="java.lang.AssertionError" message="Result page title mismatch expected [Bakkappa N - TheTechie AutomationLaboratory - YouTube] but found [Selenium by Bakkappa N - YouTube]">
      <![CDATA[java.lang.AssertionError: Result page title mismatch expected [Bakkappa N - TheTechie AutomationLaboratory - YouTube] but found [Selenium by Bakkappa N - YouTube]
at com.midhun.youtube.util.ExtentReporterNG.testStepHandle(ExtentReporterNG.java:45)
at com.midhun.youtube.util.TestListener.onTestFailure(TestListener.java:30)
at java.base/java.util.ArrayList.forEach(ArrayList.java:1540)
... Removed 24 stack frames]]>
    </failure>
  </testcase> <!-- scenario -->
</testsuite> <!-- Test -->
