<?xml version="1.0" encoding="UTF-8"?>
<!-- Generated by org.testng.reporters.JUnitXMLReporter -->
<testsuite ignored="0" hostname="LAPTOP-T3ULBUPM" failures="1" tests="6" name="Test" time="194.751" errors="0" timestamp="2020-01-27T21:54:04 IST">
  <testcase classname="com.midhun.youtube.testrunner.Runner" name="scenario" time="54.25"/>
  <testcase classname="com.midhun.youtube.testrunner.Runner" name="scenario" time="41.755"/>
  <testcase classname="com.midhun.youtube.testrunner.Runner" name="scenario" time="0.19"/>
  <testcase classname="com.midhun.youtube.testrunner.Runner" name="scenario" time="0.21"/>
  <testcase classname="com.midhun.youtube.testrunner.Runner" name="scenario" time="48.586"/>
  <testcase classname="com.midhun.youtube.testrunner.Runner" name="scenario" time="46.706">
    <failure type="java.lang.AssertionError" message="Result page title mismatch expected [Bakkappa N - TheTechie AutomationLaboratory - YouTube] but found [Selenium by Bakkappa N - YouTube]">
      <![CDATA[java.lang.AssertionError: Result page title mismatch expected [Bakkappa N - TheTechie AutomationLaboratory - YouTube] but found [Selenium by Bakkappa N - YouTube]
at com.midhun.youtube.util.ExtentReporterNG.testStepHandle(ExtentReporterNG.java:45)
at com.midhun.youtube.util.TestListener.onTestFailure(TestListener.java:30)
at java.base/java.util.ArrayList.forEach(ArrayList.java:1540)
... Removed 24 stack frames]]>
    </failure>
  </testcase> <!-- scenario -->
</testsuite> <!-- Test -->
