<?xml version="1.0" encoding="UTF-8"?>
<testng-results ignored="0" total="6" passed="5" failed="1" skipped="0">
  <reporter-output>
  </reporter-output>
  <suite started-at="2020-01-27T21:50:50 IST" name="Suite" finished-at="2020-01-27T21:54:04 IST" duration-ms="194751">
    <groups>
      <group name="Cucumber">
        <method signature="Runner.scenario(io.cucumber.testng.PickleWrapper, io.cucumber.testng.FeatureWrapper)[pri:0, instance:com.midhun.youtube.testrunner.Runner@efde75f]" name="scenario" class="com.midhun.youtube.testrunner.Runner"/>
      </group> <!-- Cucumber -->
    </groups>
    <test started-at="2020-01-27T21:50:50 IST" name="Test" finished-at="2020-01-27T21:54:04 IST" duration-ms="194751">
      <class name="com.midhun.youtube.testrunner.Runner">
        <test-method is-config="true" signature="setUpClass()[pri:0, instance:com.midhun.youtube.testrunner.Runner@efde75f]" started-at="2020-01-27T21:50:50 IST" name="setUpClass" finished-at="2020-01-27T21:50:50 IST" duration-ms="156" status="PASS">
          <reporter-output>
          </reporter-output>
        </test-method> <!-- setUpClass -->
        <test-method signature="scenario(io.cucumber.testng.PickleWrapper, io.cucumber.testng.FeatureWrapper)[pri:0, instance:com.midhun.youtube.testrunner.Runner@efde75f]" started-at="2020-01-27T21:50:50 IST" name="scenario" description="Runs Cucumber Feature" data-provider="scenarios" finished-at="2020-01-27T21:51:44 IST" duration-ms="54250" status="PASS">
          <params>
            <param index="0">
              <value>
                <![CDATA["YouTube Search Validation"]]>
              </value>
            </param>
            <param index="1">
              <value>
                <![CDATA["YouTube Search"]]>
              </value>
            </param>
          </params>
          <reporter-output>
          </reporter-output>
        </test-method> <!-- scenario -->
        <test-method signature="scenario(io.cucumber.testng.PickleWrapper, io.cucumber.testng.FeatureWrapper)[pri:0, instance:com.midhun.youtube.testrunner.Runner@efde75f]" started-at="2020-01-27T21:51:44 IST" name="scenario" description="Runs Cucumber Feature" data-provider="scenarios" finished-at="2020-01-27T21:52:26 IST" duration-ms="41755" status="PASS">
          <params>
            <param index="0">
              <value>
                <![CDATA["YouTube Channel Title Validation"]]>
              </value>
            </param>
            <param index="1">
              <value>
                <![CDATA["YouTube Search"]]>
              </value>
            </param>
          </params>
          <reporter-output>
          </reporter-output>
        </test-method> <!-- scenario -->
        <test-method signature="scenario(io.cucumber.testng.PickleWrapper, io.cucumber.testng.FeatureWrapper)[pri:0, instance:com.midhun.youtube.testrunner.Runner@efde75f]" started-at="2020-01-27T21:52:26 IST" name="scenario" description="Runs Cucumber Feature" data-provider="scenarios" finished-at="2020-01-27T21:52:26 IST" duration-ms="190" status="PASS">
          <params>
            <param index="0">
              <value>
                <![CDATA["Read Test Data From Excel File"]]>
              </value>
            </param>
            <param index="1">
              <value>
                <![CDATA["YouTube Search"]]>
              </value>
            </param>
          </params>
          <reporter-output>
          </reporter-output>
        </test-method> <!-- scenario -->
        <test-method signature="scenario(io.cucumber.testng.PickleWrapper, io.cucumber.testng.FeatureWrapper)[pri:0, instance:com.midhun.youtube.testrunner.Runner@efde75f]" started-at="2020-01-27T21:52:26 IST" name="scenario" description="Runs Cucumber Feature" data-provider="scenarios" finished-at="2020-01-27T21:52:27 IST" duration-ms="210" status="PASS">
          <params>
            <param index="0">
              <value>
                <![CDATA["Read Test Data From Excel File for specific skills"]]>
              </value>
            </param>
            <param index="1">
              <value>
                <![CDATA["YouTube Search"]]>
              </value>
            </param>
          </params>
          <reporter-output>
          </reporter-output>
        </test-method> <!-- scenario -->
        <test-method signature="scenario(io.cucumber.testng.PickleWrapper, io.cucumber.testng.FeatureWrapper)[pri:0, instance:com.midhun.youtube.testrunner.Runner@efde75f]" started-at="2020-01-27T21:52:27 IST" name="scenario" description="Runs Cucumber Feature" data-provider="scenarios" finished-at="2020-01-27T21:53:15 IST" duration-ms="48586" status="PASS">
          <params>
            <param index="0">
              <value>
                <![CDATA["YouTube Channel Title Validation For Multiple Search String"]]>
              </value>
            </param>
            <param index="1">
              <value>
                <![CDATA["YouTube Search"]]>
              </value>
            </param>
          </params>
          <reporter-output>
          </reporter-output>
        </test-method> <!-- scenario -->
        <test-method signature="scenario(io.cucumber.testng.PickleWrapper, io.cucumber.testng.FeatureWrapper)[pri:0, instance:com.midhun.youtube.testrunner.Runner@efde75f]" started-at="2020-01-27T21:53:15 IST" name="scenario" description="Runs Cucumber Feature" data-provider="scenarios" finished-at="2020-01-27T21:54:02 IST" duration-ms="46706" status="FAIL">
          <params>
            <param index="0">
              <value>
                <![CDATA["YouTube Channel Title Validation For Multiple Search String"]]>
              </value>
            </param>
            <param index="1">
              <value>
                <![CDATA["YouTube Search"]]>
              </value>
            </param>
          </params>
          <exception class="java.lang.AssertionError">
            <message>
              <![CDATA[Result page title mismatch expected [Bakkappa N - TheTechie AutomationLaboratory - YouTube] but found [Selenium by Bakkappa N - YouTube]]]>
            </message>
            <full-stacktrace>
              <![CDATA[java.lang.AssertionError: Result page title mismatch expected [Bakkappa N - TheTechie AutomationLaboratory - YouTube] but found [Selenium by Bakkappa N - YouTube]
at com.midhun.youtube.util.ExtentReporterNG.testStepHandle(ExtentReporterNG.java:45)
at com.midhun.youtube.util.TestListener.onTestFailure(TestListener.java:30)
at org.testng.internal.TestListenerHelper.runTestListeners(TestListenerHelper.java:66)
at org.testng.internal.TestInvoker.runTestResultListener(TestInvoker.java:219)
at org.testng.internal.TestInvoker.invokeMethod(TestInvoker.java:651)
at org.testng.internal.TestInvoker.invokeTestMethod(TestInvoker.java:173)
at org.testng.internal.MethodRunner.runInSequence(MethodRunner.java:46)
at org.testng.internal.TestInvoker$MethodInvocationAgent.invoke(TestInvoker.java:816)
at org.testng.internal.TestInvoker.invokeTestMethods(TestInvoker.java:146)
at org.testng.internal.TestMethodWorker.invokeTestMethods(TestMethodWorker.java:146)
at org.testng.internal.TestMethodWorker.run(TestMethodWorker.java:128)
at java.base/java.util.ArrayList.forEach(ArrayList.java:1540)
at org.testng.TestRunner.privateRun(TestRunner.java:766)
at org.testng.TestRunner.run(TestRunner.java:587)
at org.testng.SuiteRunner.runTest(SuiteRunner.java:384)
at org.testng.SuiteRunner.runSequentially(SuiteRunner.java:378)
at org.testng.SuiteRunner.privateRun(SuiteRunner.java:337)
at org.testng.SuiteRunner.run(SuiteRunner.java:286)
at org.testng.SuiteRunnerWorker.runSuite(SuiteRunnerWorker.java:53)
at org.testng.SuiteRunnerWorker.run(SuiteRunnerWorker.java:96)
at org.testng.TestNG.runSuitesSequentially(TestNG.java:1187)
at org.testng.TestNG.runSuitesLocally(TestNG.java:1109)
at org.testng.TestNG.runSuites(TestNG.java:1039)
at org.testng.TestNG.run(TestNG.java:1007)
at org.testng.remote.AbstractRemoteTestNG.run(AbstractRemoteTestNG.java:115)
at org.testng.remote.RemoteTestNG.initAndRun(RemoteTestNG.java:251)
at org.testng.remote.RemoteTestNG.main(RemoteTestNG.java:77)
]]>
            </full-stacktrace>
          </exception> <!-- java.lang.AssertionError -->
          <reporter-output>
          </reporter-output>
        </test-method> <!-- scenario -->
        <test-method is-config="true" signature="tearDownClass()[pri:0, instance:com.midhun.youtube.testrunner.Runner@efde75f]" started-at="2020-01-27T21:54:04 IST" name="tearDownClass" finished-at="2020-01-27T21:54:04 IST" duration-ms="604" status="PASS">
          <reporter-output>
          </reporter-output>
        </test-method> <!-- tearDownClass -->
      </class> <!-- com.midhun.youtube.testrunner.Runner -->
    </test> <!-- Test -->
  </suite> <!-- Suite -->
</testng-results>
